<?xml version="1.0" encoding="UTF-8"?>
<testsuite xmlns:xsi="http://www.w3.org/2001/XMLSchema-instance" xsi:noNamespaceSchemaLocation="https://maven.apache.org/surefire/maven-surefire-plugin/xsd/surefire-test-report.xsd" version="3.0.2" name="com.atg.bookmarker_api.BookmarkerApiApplicationTests" time="32.429" tests="1" errors="0" skipped="0" failures="0">
  <properties>
[...]
</properties>
  <testcase name="contextLoads" classname="com.atg.bookmarker_api.BookmarkerApiApplicationTests" time="0.812">
    <system-out><![CDATA[13:28:30.982 [main] INFO org.springframework.test.context.support.AnnotationConfigContextLoaderUtils -- Could not detect default configuration classes for test class [com.atg.bookmarker_api.BookmarkerApiApplicationTests]: BookmarkerApiApplicationTests does not declare any static, non-private, non-final, nested classes annotated with @Configuration.
13:28:31.251 [main] INFO org.springframework.boot.test.context.SpringBootTestContextBootstrapper -- Found @SpringBootConfiguration com.atg.bookmarker_api.BookmarkerApiApplication for test class com.atg.bookmarker_api.BookmarkerApiApplicationTests
13:28:31.536 [main] INFO org.springframework.boot.devtools.restart.RestartApplicationListener -- Restart disabled due to context in which it is running

  .   ____          _            __ _ _
 /\\ / ___'_ __ _ _(_)_ __  __ _ \ \ \ \
( ( )\___ | '_ | '_| | '_ \/ _` | \ \ \ \
 \\/  ___)| |_)| | | | | || (_| |  ) ) ) )
  '  |____| .__|_| |_|_| |_\__, | / / / /
 =========|_|==============|___/=/_/_/_/

 :: Spring Boot ::                (v3.5.3)

2025-07-07T13:28:31.987+05:30  INFO 88272 --- [bookmarker-api] [           main] c.a.b.BookmarkerApiApplicationTests      : Starting BookmarkerApiApplicationTests using Java 17.0.12 with PID 88272 (started by akram in C:\Users\akram\Bookmarker\bookmarker-api)
2025-07-07T13:28:31.991+05:30  INFO 88272 --- [bookmarker-api] [           main] c.a.b.BookmarkerApiApplicationTests      : The following 1 profile is active: "test"
2025-07-07T13:28:32.020+05:30 DEBUG 88272 --- [bookmarker-api] [           main] o.s.w.c.s.GenericWebApplicationContext   : Refreshing org.springframework.web.context.support.GenericWebApplicationContext@4a183d02
2025-07-07T13:28:34.021+05:30  INFO 88272 --- [bookmarker-api] [           main] .s.d.r.c.RepositoryConfigurationDelegate : Bootstrapping Spring Data JPA repositories in DEFAULT mode.
2025-07-07T13:28:34.107+05:30  INFO 88272 --- [bookmarker-api] [           main] .s.d.r.c.RepositoryConfigurationDelegate : Finished Spring Data repository scanning in 69 ms. Found 1 JPA repository interface.
2025-07-07T13:28:35.163+05:30  INFO 88272 --- [bookmarker-api] [           main] org.testcontainers.images.PullPolicy     : Image pull policy will be performed by: DefaultPullPolicy()
2025-07-07T13:28:35.185+05:30  INFO 88272 --- [bookmarker-api] [           main] o.t.utility.ImageNameSubstitutor         : Image name substitution will be performed by: DefaultImageNameSubstitutor (composite of 'ConfigurationFileImageNameSubstitutor' and 'PrefixingImageNameSubstitutor')
2025-07-07T13:28:35.693+05:30  INFO 88272 --- [bookmarker-api] [           main] o.t.d.DockerClientProviderStrategy       : Loaded org.testcontainers.dockerclient.NpipeSocketClientProviderStrategy from ~/.testcontainers.properties, will try it first
2025-07-07T13:28:36.340+05:30  INFO 88272 --- [bookmarker-api] [           main] o.t.d.DockerClientProviderStrategy       : Found Docker environment with local Npipe socket (npipe:////./pipe/docker_engine)
2025-07-07T13:28:36.343+05:30  INFO 88272 --- [bookmarker-api] [           main] org.testcontainers.DockerClientFactory   : Docker host IP address is localhost
2025-07-07T13:28:36.376+05:30  INFO 88272 --- [bookmarker-api] [           main] org.testcontainers.DockerClientFactory   : Connected to docker: 
  Server Version: 28.2.2
  API Version: 1.50
  Operating System: Docker Desktop
  Total Memory: 7784 MB
2025-07-07T13:28:36.500+05:30  INFO 88272 --- [bookmarker-api] [           main] tc.testcontainers/ryuk:0.5.1             : Creating container for image: testcontainers/ryuk:0.5.1
2025-07-07T13:28:36.852+05:30  INFO 88272 --- [bookmarker-api] [           main] tc.testcontainers/ryuk:0.5.1             : Container testcontainers/ryuk:0.5.1 is starting: 26434e9a38feb8555dcddc28e8e543add3e48395f642ab0def60a9453926f407
2025-07-07T13:28:37.497+05:30  INFO 88272 --- [bookmarker-api] [           main] tc.testcontainers/ryuk:0.5.1             : Container testcontainers/ryuk:0.5.1 started in PT0.9976412S
2025-07-07T13:28:37.509+05:30  INFO 88272 --- [bookmarker-api] [           main] o.t.utility.RyukResourceReaper           : Ryuk started - will monitor and terminate Testcontainers containers on JVM exit
2025-07-07T13:28:37.509+05:30  INFO 88272 --- [bookmarker-api] [           main] org.testcontainers.DockerClientFactory   : Checking the system...
2025-07-07T13:28:37.510+05:30  INFO 88272 --- [bookmarker-api] [           main] org.testcontainers.DockerClientFactory   : ?? Docker server version should be at least 1.6.0
2025-07-07T13:28:37.514+05:30  INFO 88272 --- [bookmarker-api] [           main] tc.mysql:8.0                             : Creating container for image: mysql:8.0
2025-07-07T13:28:37.736+05:30  INFO 88272 --- [bookmarker-api] [           main] tc.mysql:8.0                             : Container mysql:8.0 is starting: 4cb531fee9cf6f92a9facee32680b435f7e8b451c27a2c2a19281adc66adc888
2025-07-07T13:28:38.212+05:30  INFO 88272 --- [bookmarker-api] [           main] tc.mysql:8.0                             : Waiting for database connection to become available at jdbc:mysql://localhost:61339/testdb using query 'SELECT 1'
2025-07-07T13:28:53.779+05:30  INFO 88272 --- [bookmarker-api] [           main] tc.mysql:8.0                             : Container mysql:8.0 started in PT16.2648526S
2025-07-07T13:28:53.780+05:30  INFO 88272 --- [bookmarker-api] [           main] tc.mysql:8.0                             : Container is started (JDBC URL: jdbc:mysql://localhost:61339/testdb)
2025-07-07T13:28:56.037+05:30  INFO 88272 --- [bookmarker-api] [           main] o.hibernate.jpa.internal.util.LogHelper  : HHH000204: Processing PersistenceUnitInfo [name: default]
2025-07-07T13:28:56.225+05:30  INFO 88272 --- [bookmarker-api] [           main] org.hibernate.Version                    : HHH000412: Hibernate ORM core version 6.6.18.Final
2025-07-07T13:28:56.279+05:30  INFO 88272 --- [bookmarker-api] [           main] o.h.c.internal.RegionFactoryInitiator    : HHH000026: Second-level cache disabled
2025-07-07T13:28:56.657+05:30  INFO 88272 --- [bookmarker-api] [           main] o.s.o.j.p.SpringPersistenceUnitInfo      : No LoadTimeWeaver setup: ignoring JPA class transformer
2025-07-07T13:28:56.695+05:30  INFO 88272 --- [bookmarker-api] [           main] com.zaxxer.hikari.HikariDataSource       : HikariPool-1 - Starting...
2025-07-07T13:28:56.930+05:30  INFO 88272 --- [bookmarker-api] [           main] com.zaxxer.hikari.pool.HikariPool        : HikariPool-1 - Added connection com.mysql.cj.jdbc.ConnectionImpl@104cf647
2025-07-07T13:28:56.932+05:30  INFO 88272 --- [bookmarker-api] [           main] com.zaxxer.hikari.HikariDataSource       : HikariPool-1 - Start completed.
2025-07-07T13:28:57.047+05:30  INFO 88272 --- [bookmarker-api] [           main] org.hibernate.orm.connections.pooling    : HHH10001005: Database info:
	Database JDBC URL [Connecting through datasource 'HikariDataSource (HikariPool-1)']
	Database driver: undefined/unknown
	Database version: 8.0.42
	Autocommit mode: undefined/unknown
	Isolation level: undefined/unknown
	Minimum pool size: undefined/unknown
	Maximum pool size: undefined/unknown
2025-07-07T13:28:58.040+05:30  INFO 88272 --- [bookmarker-api] [           main] o.h.m.i.EntityInstantiatorPojoStandard   : HHH000182: No default (no-argument) constructor for class: com.atg.bookmarker_api.model.Bookmark (class must be instantiated by Interceptor)
2025-07-07T13:28:58.262+05:30  INFO 88272 --- [bookmarker-api] [           main] o.h.e.t.j.p.i.JtaPlatformInitiator       : HHH000489: No JTA platform available (set 'hibernate.transaction.jta.platform' to enable JTA platform integration)
Hibernate: create table bm_id_seq (next_val bigint) engine=InnoDB
Hibernate: insert into bm_id_seq values ( 1 )
Hibernate: create table bookmark (id bigint not null, created_at datetime(6), title varchar(255) not null, url varchar(255) not null, primary key (id)) engine=InnoDB
Hibernate: alter table bookmark drop index UK79uw91otni4d03fxh3mo4vdyo
Hibernate: alter table bookmark add constraint UK79uw91otni4d03fxh3mo4vdyo unique (title)
2025-07-07T13:28:58.447+05:30  INFO 88272 --- [bookmarker-api] [           main] j.LocalContainerEntityManagerFactoryBean : Initialized JPA EntityManagerFactory for persistence unit 'default'
2025-07-07T13:28:59.103+05:30  INFO 88272 --- [bookmarker-api] [           main] o.s.d.j.r.query.QueryEnhancerFactory     : Hibernate is in classpath; If applicable, HQL parser will be used.
2025-07-07T13:29:00.739+05:30  WARN 88272 --- [bookmarker-api] [           main] JpaBaseConfiguration$JpaWebConfiguration : spring.jpa.open-in-view is enabled by default. Therefore, database queries may be performed during view rendering. Explicitly configure spring.jpa.open-in-view to disable this warning
2025-07-07T13:29:00.956+05:30 DEBUG 88272 --- [bookmarker-api] [           main] s.w.s.m.m.a.RequestMappingHandlerMapping : 4 mappings in 'requestMappingHandlerMapping'
2025-07-07T13:29:01.209+05:30 DEBUG 88272 --- [bookmarker-api] [           main] o.s.w.s.handler.SimpleUrlHandlerMapping  : Patterns [/webjars/**, /**] in 'resourceHandlerMapping'
2025-07-07T13:29:01.270+05:30 DEBUG 88272 --- [bookmarker-api] [           main] s.w.s.m.m.a.RequestMappingHandlerAdapter : ControllerAdvice beans: 0 @ModelAttribute, 0 @InitBinder, 1 RequestBodyAdvice, 1 ResponseBodyAdvice
2025-07-07T13:29:01.367+05:30 DEBUG 88272 --- [bookmarker-api] [           main] .m.m.a.ExceptionHandlerExceptionResolver : ControllerAdvice beans: 0 @ExceptionHandler, 1 ResponseBodyAdvice
2025-07-07T13:29:01.982+05:30  INFO 88272 --- [bookmarker-api] [           main] o.s.b.a.e.web.EndpointLinksResolver      : Exposing 1 endpoint beneath base path '/actuator'
2025-07-07T13:29:02.196+05:30  INFO 88272 --- [bookmarker-api] [           main] c.a.b.BookmarkerApiApplicationTests      : Started BookmarkerApiApplicationTests in 30.674 seconds (process running for 32.475)
]]></system-out>
  </testcase>
</testsuite>